<?xml version="1.0" encoding="UTF-8"?>
<!-- Generated by org.testng.reporters.JUnitReportReporter -->
<testsuite hostname="DESKTOP-MAQ8IR7" failures="0" tests="1" name="com.vigilEye.allotPendintCase.ConsumerDetails" time="22.286" errors="0" timestamp="2024-11-04T10:09:40 IST" skipped="0">
  <testcase classname="com.vigilEye.allotPendintCase.ConsumerDetails" name="toverifyMarkingDetails" time="22.286"/>
  <system-out/>
</testsuite> <!-- com.vigilEye.allotPendintCase.ConsumerDetails -->
