<?xml version="1.0" encoding="UTF-8"?>
<!-- Generated by org.testng.reporters.JUnitReportReporter -->
<testsuite hostname="DESKTOP-MAQ8IR7" failures="0" tests="1" name="com.demo.database.AssessmentApprovalCaseDataBase" time="1.571" errors="0" timestamp="2024-12-23T16:30:06 IST" skipped="0">
  <testcase classname="com.demo.database.AssessmentApprovalCaseDataBase" name="toverifyAssessmentApprovalCaseDetailsInDatabase" time="1.571"/>
  <system-out/>
</testsuite> <!-- com.demo.database.AssessmentApprovalCaseDataBase -->
