<?xml version="1.0" encoding="UTF-8"?>
<!-- Generated by org.testng.reporters.JUnitReportReporter -->
<testsuite hostname="DESKTOP-MAQ8IR7" failures="0" tests="8" name="com.demo.testCase.AssessmentRealisationCase" time="198.951" errors="0" timestamp="2024-12-27T12:10:23 IST" skipped="0">
  <testcase classname="com.demo.testCase.AssessmentRealisationCase" name="toVerifyAssessmentRealisationIsDisplaying" time="7.965"/>
  <system-out/>
  <testcase classname="com.demo.testCase.AssessmentRealisationCase" name="toVerifyClickOnAssessmentRealisationCaseMenu" time="13.831"/>
  <system-out/>
  <testcase classname="com.demo.testCase.AssessmentRealisationCase" name="toverifyHeaderNameAssessmentRealisation" time="13.792"/>
  <system-out/>
  <testcase classname="com.demo.testCase.AssessmentRealisationCase" name="toveriyCountOfAssessmentRealisationCase" time="17.756"/>
  <system-out/>
  <testcase classname="com.demo.testCase.AssessmentRealisationCase" name="toveriyfetchedAssessmentRealisationCaseDetailsFromTable" time="17.984"/>
  <system-out/>
  <testcase classname="com.demo.testCase.AssessmentRealisationCase" name="allRealisationDetailsDetails" time="86.724"/>
  <system-out/>
  <testcase classname="com.demo.testCase.AssessmentRealisationCase" name="provideAssessmentRealistionCaseDetails" time="31.596"/>
  <system-out/>
  <testcase classname="com.demo.testCase.AssessmentRealisationCase" name="SavedAssessmentRealisationCaseDetailsInExcelFile" time="9.303"/>
  <system-out/>
</testsuite> <!-- com.demo.testCase.AssessmentRealisationCase -->
