<?xml version="1.0" encoding="UTF-8"?>
<!-- Generated by org.testng.reporters.JUnitReportReporter -->
<testsuite hostname="DESKTOP-MAQ8IR7" failures="0" tests="1" name="com.vigilEye.test.MarkedCaseInput" time="45.164" errors="0" timestamp="2024-12-14T16:08:37 IST" skipped="0">
  <testcase classname="com.vigilEye.test.MarkedCaseInput" name="tocheckCountOfMarkedCaseInput" time="45.164"/>
  <system-out/>
</testsuite> <!-- com.vigilEye.test.MarkedCaseInput -->
