<?xml version="1.0" encoding="UTF-8"?>
<!-- Generated by org.testng.reporters.JUnitReportReporter -->
<testsuite hostname="DESKTOP-MAQ8IR7" failures="0" tests="1" name="com.demo.testCase.AllotPendingCaseDemo" time="26.966" errors="0" timestamp="2024-12-20T14:14:31 IST" skipped="0">
  <testcase classname="com.demo.testCase.AllotPendingCaseDemo" name="toverifySearchOptionIsWorkingAndFetchedDetailsFromTable" time="26.966"/>
  <system-out/>
</testsuite> <!-- com.demo.testCase.AllotPendingCaseDemo -->
