<?xml version="1.0" encoding="UTF-8"?>
<!-- Generated by org.testng.reporters.JUnitReportReporter -->
<testsuite hostname="DESKTOP-MAQ8IR7" failures="0" tests="11" name="com.vigilEye.test.AllotAttendCaseTest" time="255.306" errors="0" timestamp="2024-12-16T12:44:15 IST" skipped="0">
  <testcase classname="com.vigilEye.test.AllotAttendCaseTest" name="toVerifyAllotAttendCasesIsDisplaying" time="8.526"/>
  <system-out/>
  <testcase classname="com.vigilEye.test.AllotAttendCaseTest" name="toVerifyClickOnAllotAttendCaseMenu" time="19.267"/>
  <system-out/>
  <testcase classname="com.vigilEye.test.AllotAttendCaseTest" name="toverifyHeaderName" time="16.390"/>
  <system-out/>
  <testcase classname="com.vigilEye.test.AllotAttendCaseTest" name="toverifyCountOfAllotAttendCase" time="22.428"/>
  <system-out/>
  <testcase classname="com.vigilEye.test.AllotAttendCaseTest" name="toverifySearchOptionIsWorkingAndFetchedDetailsFromTable" time="17.620"/>
  <system-out/>
  <testcase classname="com.vigilEye.test.AllotAttendCaseTest" name="toverifyAttendConsumerDetailsIsFetchedDetailsFromTable" time="20.415"/>
  <system-out/>
  <testcase classname="com.vigilEye.test.AllotAttendCaseTest" name="toverifyAttendMarkingDetailsIsFetchedDetailsFromTable" time="21.925"/>
  <system-out/>
  <testcase classname="com.vigilEye.test.AllotAttendCaseTest" name="tofetchedFieldIrregularitiesforMainMeter" time="31.464"/>
  <system-out/>
  <testcase classname="com.vigilEye.test.AllotAttendCaseTest" name="tofetchedFieldIrregularitiesforPoleMeter" time="25.690"/>
  <system-out/>
  <testcase classname="com.vigilEye.test.AllotAttendCaseTest" name="toverifyWithoutTakeActionthenAlertMessageIsDisplayed" time="31.663"/>
  <system-out/>
  <testcase classname="com.vigilEye.test.AllotAttendCaseTest" name="toverifythatTakeActionToAllotedAttendCases" time="39.918"/>
  <system-out/>
</testsuite> <!-- com.vigilEye.test.AllotAttendCaseTest -->
