<?xml version="1.0" encoding="UTF-8"?>
<!-- Generated by org.testng.reporters.JUnitReportReporter -->
<testsuite hostname="DESKTOP-MAQ8IR7" failures="0" tests="1" name="com.vigilEye.allotPendintCaseDatabase.AssessmentRealisationCaseDatabase" time="3.931" errors="0" timestamp="2024-12-11T15:56:16 IST" skipped="0">
  <testcase classname="com.vigilEye.allotPendintCaseDatabase.AssessmentRealisationCaseDatabase" name="toverifyAssessmentRealisationCaseDetailsInDatabase" time="3.931"/>
  <system-out/>
</testsuite> <!-- com.vigilEye.allotPendintCaseDatabase.AssessmentRealisationCaseDatabase -->
