<?xml version="1.0" encoding="UTF-8"?>
<!-- Generated by org.testng.reporters.JUnitReportReporter -->
<testsuite hostname="DESKTOP-MAQ8IR7" failures="0" tests="1" name="com.vigilEye.project.GetTitle" time="8.686" errors="0" timestamp="2024-09-27T10:09:47 IST" skipped="0">
  <testcase classname="com.vigilEye.project.GetTitle" name="setUp" time="8.686"/>
  <system-out/>
</testsuite> <!-- com.vigilEye.project.GetTitle -->
