<?xml version="1.0" encoding="UTF-8"?>
<!-- Generated by org.testng.reporters.JUnitReportReporter -->
<testsuite hostname="DESKTOP-MAQ8IR7" failures="0" tests="1" name="com.vigilEye.test.AssessmentFeedingCase" time="12.040" errors="0" timestamp="2024-12-16T22:28:44 IST" skipped="0">
  <testcase classname="com.vigilEye.test.AssessmentFeedingCase" name="SavedAssessmentFeedingCaseDetailsInExcelFile" time="12.040"/>
  <system-out/>
</testsuite> <!-- com.vigilEye.test.AssessmentFeedingCase -->
