<?xml version="1.0" encoding="UTF-8"?>
<!-- Generated by org.testng.reporters.JUnitReportReporter -->
<testsuite hostname="DESKTOP-MAQ8IR7" failures="0" tests="7" name="com.demo.testCase.AllotPendingCase" time="84.986" errors="0" timestamp="2024-12-27T16:53:41 IST" skipped="0">
  <testcase classname="com.demo.testCase.AllotPendingCase" name="toVerifyAllotPendingCasesIsDisplaying" time="5.836"/>
  <system-out/>
  <testcase classname="com.demo.testCase.AllotPendingCase" name="toVerifyClickOnAllotPendingCaseMenu" time="10.719"/>
  <system-out/>
  <testcase classname="com.demo.testCase.AllotPendingCase" name="toverifyHeaderNameOfAllotPendingCase" time="12.237"/>
  <system-out/>
  <testcase classname="com.demo.testCase.AllotPendingCase" name="toverifyCountOfAllotPendingCase" time="22.126"/>
  <system-out/>
  <testcase classname="com.demo.testCase.AllotPendingCase" name="toverifySearchOptionIsWorkingAndFetchedDetailsFromTable" time="12.916"/>
  <system-out/>
  <testcase classname="com.demo.testCase.AllotPendingCase" name="toverifydownloadReportInExcelFormat" time="8.745"/>
  <system-out/>
  <testcase classname="com.demo.testCase.AllotPendingCase" name="toSavedAllotPendingDetailsInExcelFile" time="12.407"/>
  <system-out/>
</testsuite> <!-- com.demo.testCase.AllotPendingCase -->
