<?xml version="1.0" encoding="UTF-8"?>
<!-- Generated by org.testng.reporters.JUnitReportReporter -->
<testsuite hostname="DESKTOP-MAQ8IR7" failures="0" tests="1" name="com.vigilEye.test.AssessmentRealisationCaseTest" time="64.802" errors="0" timestamp="2024-12-14T11:59:14 IST" skipped="0">
  <testcase classname="com.vigilEye.test.AssessmentRealisationCaseTest" name="allRealisationDetailsDetails" time="64.802"/>
  <system-out/>
</testsuite> <!-- com.vigilEye.test.AssessmentRealisationCaseTest -->
