<?xml version="1.0" encoding="UTF-8"?>
<!-- Generated by org.testng.reporters.JUnitReportReporter -->
<testsuite hostname="DESKTOP-MAQ8IR7" failures="0" tests="1" name="com.vigilEye.test.AssessmentFeedingCaseTest" time="39.024" errors="0" timestamp="2024-12-16T14:08:37 IST" skipped="0">
  <testcase classname="com.vigilEye.test.AssessmentFeedingCaseTest" name="AssessmentFeeding" time="39.024"/>
  <system-out/>
</testsuite> <!-- com.vigilEye.test.AssessmentFeedingCaseTest -->
