<?xml version="1.0" encoding="UTF-8"?>
<!-- Generated by org.testng.reporters.JUnitReportReporter -->
<testsuite hostname="DESKTOP-MAQ8IR7" failures="0" tests="1" name="com.vigilEye.allotPendintCaseDatabase.ConsumerDetailsOnDatabase" time="1.400" errors="0" timestamp="2024-11-05T16:07:57 IST" skipped="0">
  <testcase classname="com.vigilEye.allotPendintCaseDatabase.ConsumerDetailsOnDatabase" name="toverifyCountAllotPendingCaseInDatabase" time="1.400"/>
  <system-out/>
</testsuite> <!-- com.vigilEye.allotPendintCaseDatabase.ConsumerDetailsOnDatabase -->
