<?xml version="1.0" encoding="UTF-8"?>
<!-- Generated by org.testng.reporters.JUnitReportReporter -->
<testsuite hostname="DESKTOP-MAQ8IR7" failures="0" tests="7" name="com.vigilEye.test.LoginFunctionalityTest" time="39.776" errors="0" timestamp="2024-12-16T16:40:21 IST" skipped="0">
  <testcase classname="com.vigilEye.test.LoginFunctionalityTest" name="loginDDT" time="2.980"/>
  <system-out/>
  <testcase classname="com.vigilEye.test.LoginFunctionalityTest" name="loginDDT" time="2.982"/>
  <system-out/>
  <testcase classname="com.vigilEye.test.LoginFunctionalityTest" name="loginDDT" time="3.700"/>
  <system-out/>
  <testcase classname="com.vigilEye.test.LoginFunctionalityTest" name="loginDDT" time="2.853"/>
  <system-out/>
  <testcase classname="com.vigilEye.test.LoginFunctionalityTest" name="loginDDT" time="16.871"/>
  <system-out/>
  <testcase classname="com.vigilEye.test.LoginFunctionalityTest" name="loginDDT" time="3.567"/>
  <system-out/>
  <testcase classname="com.vigilEye.test.LoginFunctionalityTest" name="loginDDT" time="6.823"/>
  <system-out/>
</testsuite> <!-- com.vigilEye.test.LoginFunctionalityTest -->
