<?xml version="1.0" encoding="UTF-8"?>
<!-- Generated by org.testng.reporters.JUnitReportReporter -->
<testsuite hostname="DESKTOP-MAQ8IR7" failures="0" tests="1" name="com.demo.testCase.Irregularities_Field" time="31.794" errors="0" timestamp="2024-12-27T17:02:58 IST" skipped="0">
  <testcase classname="com.demo.testCase.Irregularities_Field" name="toSavedIrregulatiesFieldDetailsInExcelFile" time="31.794"/>
  <system-out/>
</testsuite> <!-- com.demo.testCase.Irregularities_Field -->
