<?xml version="1.0" encoding="UTF-8"?>
<!-- Generated by org.testng.reporters.JUnitReportReporter -->
<testsuite hostname="DESKTOP-MAQ8IR7" failures="0" tests="1" name="com.vigilEye.test.Login_Test$TC_LoginTest_001" time="8.182" errors="0" timestamp="2024-12-16T15:57:58 IST" skipped="0">
  <testcase classname="com.vigilEye.test.Login_Test$TC_LoginTest_001" name="loginTest" time="8.182"/>
  <system-out/>
</testsuite> <!-- com.vigilEye.test.Login_Test$TC_LoginTest_001 -->
