<?xml version="1.0" encoding="UTF-8"?>
<!-- Generated by org.testng.reporters.JUnitReportReporter -->
<testsuite hostname="DESKTOP-MAQ8IR7" failures="0" tests="1" name="com.demo.database.ApprovalPendencyProcedure" time="4.062" errors="0" timestamp="2024-12-26T15:35:03 IST" skipped="0">
  <testcase classname="com.demo.database.ApprovalPendencyProcedure" name="testGetApprovalPendency" time="4.062"/>
  <system-out/>
</testsuite> <!-- com.demo.database.ApprovalPendencyProcedure -->
