<?xml version="1.0" encoding="UTF-8"?>
<!-- Generated by org.testng.reporters.JUnitReportReporter -->
<testsuite hostname="DESKTOP-MAQ8IR7" failures="0" tests="6" name="com.vigilEye.testCase.AllotPendingCaseHomePageTest" time="180.635" errors="0" timestamp="2024-10-19T11:50:18 IST" skipped="0">
  <testcase classname="com.vigilEye.testCase.AllotPendingCaseHomePageTest" name="toVerifyAllotPendingCasesIsDisplaying" time="10.030"/>
  <system-out/>
  <testcase classname="com.vigilEye.testCase.AllotPendingCaseHomePageTest" name="toVerifyClickOnAllotPendingCaseMenu" time="10.919"/>
  <system-out/>
  <testcase classname="com.vigilEye.testCase.AllotPendingCaseHomePageTest" name="toverifyHeaderName" time="12.672"/>
  <system-out/>
  <testcase classname="com.vigilEye.testCase.AllotPendingCaseHomePageTest" name="toverifyCountOfAllotPendingCase" time="22.446"/>
  <system-out>
    <![CDATA[Allot Pending Case is fetched & test case passed]]>
  </system-out>
  <testcase classname="com.vigilEye.testCase.AllotPendingCaseHomePageTest" name="toverifySearchOptionIsWorking" time="110.842"/>
  <system-out/>
  <testcase classname="com.vigilEye.testCase.AllotPendingCaseHomePageTest" name="toverifydownloadReportInExcelFormat" time="13.726"/>
  <system-out/>
</testsuite> <!-- com.vigilEye.testCase.AllotPendingCaseHomePageTest -->
