<?xml version="1.0" encoding="UTF-8"?>
<!-- Generated by org.testng.reporters.JUnitReportReporter -->
<testsuite hostname="DESKTOP-MAQ8IR7" failures="0" tests="1" name="com.vigilEye.testCase.TC_Login_Functionality" time="0.000" errors="0" timestamp="2024-10-19T10:51:19 IST" skipped="1">
  <testcase classname="com.vigilEye.testCase.TC_Login_Functionality" name="loginDDT" time="0.000">
    <skipped/>
  </testcase> <!-- loginDDT -->
  <system-out/>
</testsuite> <!-- com.vigilEye.testCase.TC_Login_Functionality -->
