<?xml version="1.0" encoding="UTF-8"?>
<!-- Generated by org.testng.reporters.JUnitReportReporter -->
<testsuite hostname="DESKTOP-MAQ8IR7" failures="0" tests="1" name="com.vigilEye.allotPendintCaseDatabase.AllotPendingCaseDataBase" time="4.356" errors="0" timestamp="2024-12-16T12:24:54 IST" skipped="0">
  <testcase classname="com.vigilEye.allotPendintCaseDatabase.AllotPendingCaseDataBase" name="toverifyAllotPendingCaseDetailsInDatabase" time="4.356"/>
  <system-out/>
</testsuite> <!-- com.vigilEye.allotPendintCaseDatabase.AllotPendingCaseDataBase -->
