<?xml version="1.0" encoding="UTF-8"?>
<!-- Generated by org.testng.reporters.JUnitReportReporter -->
<testsuite hostname="DESKTOP-MAQ8IR7" failures="0" tests="7" name="com.demo.testCase.LoginFunctionality" time="58.681" errors="0" timestamp="2024-12-20T10:20:54 IST" skipped="0">
  <testcase classname="com.demo.testCase.LoginFunctionality" name="loginDDT" time="3.762"/>
  <system-out/>
  <testcase classname="com.demo.testCase.LoginFunctionality" name="loginDDT" time="8.201"/>
  <system-out/>
  <testcase classname="com.demo.testCase.LoginFunctionality" name="loginDDT" time="4.829"/>
  <system-out/>
  <testcase classname="com.demo.testCase.LoginFunctionality" name="loginDDT" time="4.216"/>
  <system-out/>
  <testcase classname="com.demo.testCase.LoginFunctionality" name="loginDDT" time="25.850"/>
  <system-out/>
  <testcase classname="com.demo.testCase.LoginFunctionality" name="loginDDT" time="7.462"/>
  <system-out/>
  <testcase classname="com.demo.testCase.LoginFunctionality" name="loginDDT" time="4.361"/>
  <system-out/>
</testsuite> <!-- com.demo.testCase.LoginFunctionality -->
