<?xml version="1.0" encoding="UTF-8"?>
<!-- Generated by org.testng.reporters.JUnitReportReporter -->
<testsuite hostname="DESKTOP-MAQ8IR7" failures="0" tests="1" name="com.live.testCase.AllotPendingCase" time="20.001" errors="0" timestamp="2024-12-16T17:10:57 IST" skipped="0">
  <testcase classname="com.live.testCase.AllotPendingCase" name="toVerifyClickOnAllotPendingCaseMenu" time="20.001"/>
  <system-out/>
</testsuite> <!-- com.live.testCase.AllotPendingCase -->
