<?xml version="1.0" encoding="UTF-8"?>
<!-- Generated by org.testng.reporters.JUnitReportReporter -->
<testsuite hostname="DESKTOP-MAQ8IR7" failures="0" tests="1" name="com.vigilEye.allotPendintCaseDatabase.AssessmentApprovalCaseDataBase" time="3.994" errors="0" timestamp="2024-12-09T10:51:14 IST" skipped="0">
  <testcase classname="com.vigilEye.allotPendintCaseDatabase.AssessmentApprovalCaseDataBase" name="assessmentProposedDetailsInDatabase" time="3.994"/>
  <system-out/>
</testsuite> <!-- com.vigilEye.allotPendintCaseDatabase.AssessmentApprovalCaseDataBase -->
