<?xml version="1.0" encoding="UTF-8"?>
<!-- Generated by org.testng.reporters.JUnitReportReporter -->
<testsuite hostname="DESKTOP-MAQ8IR7" failures="0" tests="1" name="com.vigilEye.test.ConsumerDetails" time="14.675" errors="0" timestamp="2024-11-05T16:10:28 IST" skipped="0">
  <testcase classname="com.vigilEye.test.ConsumerDetails" name="toverifyMarkingDetails" time="14.675"/>
  <system-out/>
</testsuite> <!-- com.vigilEye.test.ConsumerDetails -->
