<?xml version="1.0" encoding="UTF-8"?>
<!-- Generated by org.testng.reporters.JUnitReportReporter -->
<testsuite hostname="DESKTOP-MAQ8IR7" failures="0" tests="1" name="com.vigilEye.allotPendintCaseDatabase.AllotAttendCaseDataBase" time="4.502" errors="0" timestamp="2024-12-09T11:35:12 IST" skipped="0">
  <testcase classname="com.vigilEye.allotPendintCaseDatabase.AllotAttendCaseDataBase" name="toverifyConsumerDetailsInDatabase" time="4.502"/>
  <system-out/>
</testsuite> <!-- com.vigilEye.allotPendintCaseDatabase.AllotAttendCaseDataBase -->
