<?xml version="1.0" encoding="UTF-8"?>
<!-- Generated by org.testng.reporters.JUnitReportReporter -->
<testsuite hostname="DESKTOP-MAQ8IR7" failures="0" tests="1" name="com.demo.database.AssessmentRealisationCaseDatabase" time="2.880" errors="0" timestamp="2024-12-21T17:03:11 IST" skipped="0">
  <testcase classname="com.demo.database.AssessmentRealisationCaseDatabase" name="toverifyAssessmentRealisationCaseDetailsInDatabase" time="2.880"/>
  <system-out/>
</testsuite> <!-- com.demo.database.AssessmentRealisationCaseDatabase -->
