<?xml version="1.0" encoding="UTF-8"?>
<!-- Generated by org.testng.reporters.JUnitReportReporter -->
<testsuite hostname="DESKTOP-MAQ8IR7" failures="0" tests="1" name="com.vigilEye.testCase.Login_TC_02Demo" time="2.603" errors="0" timestamp="2024-10-19T10:15:56 IST" skipped="0">
  <testcase classname="com.vigilEye.testCase.Login_TC_02Demo" name="toverifyLoginPage" time="2.603"/>
  <system-out/>
</testsuite> <!-- com.vigilEye.testCase.Login_TC_02Demo -->
