<?xml version="1.0" encoding="UTF-8"?>
<!-- Generated by org.testng.reporters.JUnitReportReporter -->
<testsuite hostname="DESKTOP-MAQ8IR7" failures="0" tests="1" name="com.demo.database.CommonDatabase" time="1.487" errors="0" timestamp="2024-12-17T14:42:21 IST" skipped="0">
  <testcase classname="com.demo.database.CommonDatabase" name="toverifyMarkingDetailsInDatabase" time="1.487"/>
  <system-out/>
</testsuite> <!-- com.demo.database.CommonDatabase -->
