<?xml version="1.0" encoding="UTF-8"?>
<!-- Generated by org.testng.reporters.JUnitReportReporter -->
<testsuite hostname="DESKTOP-MAQ8IR7" failures="0" tests="1" name="Demo.MarkingDate" time="33.110" errors="0" timestamp="2024-12-09T17:15:18 IST" skipped="0">
  <testcase classname="Demo.MarkingDate" name="main" time="33.110"/>
  <system-out/>
</testsuite> <!-- Demo.MarkingDate -->
