<?xml version="1.0" encoding="UTF-8"?>
<!-- Generated by org.testng.reporters.JUnitReportReporter -->
<testsuite hostname="DESKTOP-MAQ8IR7" failures="0" tests="1" name="com.demo.database.AssessmentFeedingCaseDatabase" time="1.823" errors="0" timestamp="2024-12-17T14:41:34 IST" skipped="0">
  <testcase classname="com.demo.database.AssessmentFeedingCaseDatabase" name="toverifyConsumerDetailsInDatabase" time="1.823"/>
  <system-out/>
</testsuite> <!-- com.demo.database.AssessmentFeedingCaseDatabase -->
