<?xml version="1.0" encoding="UTF-8"?>
<!-- Generated by org.testng.reporters.JUnitReportReporter -->
<testsuite hostname="DESKTOP-MAQ8IR7" failures="0" tests="1" name="com.vigilEye.allotPendintCaseDatabase.AssessmentFeedingCaseDatabase" time="2.252" errors="0" timestamp="2024-12-09T16:27:38 IST" skipped="0">
  <testcase classname="com.vigilEye.allotPendintCaseDatabase.AssessmentFeedingCaseDatabase" name="toverifyAllotAttendCaseDetailsInDatabase" time="2.252"/>
  <system-out/>
</testsuite> <!-- com.vigilEye.allotPendintCaseDatabase.AssessmentFeedingCaseDatabase -->
