<?xml version="1.0" encoding="UTF-8"?>
<!-- Generated by org.testng.reporters.JUnitReportReporter -->
<testsuite hostname="DESKTOP-MAQ8IR7" failures="0" tests="1" name="com.vigilEye.allotPendintCaseDatabase.CommonDatabase" time="3.806" errors="0" timestamp="2024-12-12T16:24:32 IST" skipped="0">
  <testcase classname="com.vigilEye.allotPendintCaseDatabase.CommonDatabase" name="toverifyActionDetailsInDatabase" time="3.806"/>
  <system-out/>
</testsuite> <!-- com.vigilEye.allotPendintCaseDatabase.CommonDatabase -->
