<?xml version="1.0" encoding="UTF-8"?>
<!-- Generated by org.testng.reporters.JUnitReportReporter -->
<testsuite hostname="DESKTOP-MAQ8IR7" failures="0" tests="1" name="com.demo.StoredProcedure.ApprovalPendency" time="2.150" errors="0" timestamp="2024-12-28T09:58:30 IST" skipped="0">
  <testcase classname="com.demo.StoredProcedure.ApprovalPendency" name="testApprovalPendency" time="2.150"/>
  <system-out/>
</testsuite> <!-- com.demo.StoredProcedure.ApprovalPendency -->
