<?xml version="1.0" encoding="UTF-8"?>
<!-- Generated by org.testng.reporters.JUnitReportReporter -->
<testsuite hostname="DESKTOP-MAQ8IR7" failures="0" tests="6" name="com.vigilEye.test.AllotPendingCaseTest" time="96.763" errors="0" timestamp="2024-12-16T12:44:15 IST" skipped="0">
  <testcase classname="com.vigilEye.test.AllotPendingCaseTest" name="toVerifyAllotPendingCasesIsDisplaying" time="8.625"/>
  <system-out/>
  <testcase classname="com.vigilEye.test.AllotPendingCaseTest" name="toVerifyClickOnAllotPendingCaseMenu" time="15.343"/>
  <system-out/>
  <testcase classname="com.vigilEye.test.AllotPendingCaseTest" name="toverifyHeaderName" time="15.547"/>
  <system-out/>
  <testcase classname="com.vigilEye.test.AllotPendingCaseTest" name="toverifyCountOfAllotPendingCase" time="22.495"/>
  <system-out/>
  <testcase classname="com.vigilEye.test.AllotPendingCaseTest" name="toverifySearchOptionIsWorkingAndFetchedDetailsFromTable" time="19.360"/>
  <system-out/>
  <testcase classname="com.vigilEye.test.AllotPendingCaseTest" name="toverifydownloadReportInExcelFormat" time="15.393"/>
  <system-out/>
</testsuite> <!-- com.vigilEye.test.AllotPendingCaseTest -->
