<?xml version="1.0" encoding="UTF-8"?>
<!-- Generated by org.testng.reporters.JUnitReportReporter -->
<testsuite hostname="DESKTOP-MAQ8IR7" failures="0" tests="7" name="com.vigilEye.test.AssessmentApprovalTest" time="142.871" errors="0" timestamp="2024-12-16T12:44:15 IST" skipped="0">
  <testcase classname="com.vigilEye.test.AssessmentApprovalTest" name="toVerifyAssessmentApprovalIsDisplaying" time="8.711"/>
  <system-out/>
  <testcase classname="com.vigilEye.test.AssessmentApprovalTest" name="toVerifyClickOnAssessmentApprovalCaseMenu" time="15.004"/>
  <system-out/>
  <testcase classname="com.vigilEye.test.AssessmentApprovalTest" name="toverifyHeaderName" time="22.834"/>
  <system-out/>
  <testcase classname="com.vigilEye.test.AssessmentApprovalTest" name="toveriyCountOfAssessmentApprovalCase" time="30.267"/>
  <system-out/>
  <testcase classname="com.vigilEye.test.AssessmentApprovalTest" name="toveriyWithoutEnterRemarkAndClickOnSubmitButtonThenAlertMessageIsDisplaying" time="26.808"/>
  <system-out/>
  <testcase classname="com.vigilEye.test.AssessmentApprovalTest" name="toveriyEnterRemarkAndClickOnSubmitButtonThenDataIsSavedInTable" time="29.009"/>
  <system-out/>
  <testcase classname="com.vigilEye.test.AssessmentApprovalTest" name="toSavedAssessmentProposedDetailsInExcelFile" time="10.238"/>
  <system-out/>
</testsuite> <!-- com.vigilEye.test.AssessmentApprovalTest -->
