<?xml version="1.0" encoding="UTF-8"?>
<!-- Generated by org.testng.reporters.JUnitReportReporter -->
<testsuite hostname="DESKTOP-MAQ8IR7" failures="0" tests="1" name="com.demo.testCase.MarkedCaseInput" time="33.093" errors="0" timestamp="2024-12-21T09:48:31 IST" skipped="0">
  <testcase classname="com.demo.testCase.MarkedCaseInput" name="tocheckCountOfMarkedCaseInput" time="33.093"/>
  <system-out/>
</testsuite> <!-- com.demo.testCase.MarkedCaseInput -->
