<?xml version="1.0" encoding="UTF-8"?>
<!-- Generated by org.testng.reporters.JUnitReportReporter -->
<testsuite hostname="DESKTOP-MAQ8IR7" failures="0" tests="1" name="com.demo.database.AllotAttendCaseDataBase" time="1.516" errors="0" timestamp="2024-12-26T15:26:21 IST" skipped="0">
  <testcase classname="com.demo.database.AllotAttendCaseDataBase" name="toverifyMarkingDetailsInDatabase" time="1.516"/>
  <system-out/>
</testsuite> <!-- com.demo.database.AllotAttendCaseDataBase -->
