<?xml version="1.0" encoding="UTF-8"?>
<!-- Generated by org.testng.reporters.JUnitReportReporter -->
<testsuite hostname="DESKTOP-MAQ8IR7" failures="0" tests="1" name="com.vigilEye.allotPendintCase.ApiTests" time="6.887" errors="0" timestamp="2024-10-24T11:26:19 IST" skipped="0">
  <testcase classname="com.vigilEye.allotPendintCase.ApiTests" name="testMisAbstract" time="6.887"/>
  <system-out/>
</testsuite> <!-- com.vigilEye.allotPendintCase.ApiTests -->
