<?xml version="1.0" encoding="UTF-8"?>
<!-- Generated by org.testng.reporters.JUnitReportReporter -->
<testsuite hostname="DESKTOP-MAQ8IR7" failures="0" tests="1" name="com.demo.database.AllotPendingCaseDataBase" time="2.014" errors="0" timestamp="2024-12-27T16:45:41 IST" skipped="0">
  <testcase classname="com.demo.database.AllotPendingCaseDataBase" name="toverifyAllotPendingCaseDetailsInDatabase" time="2.014"/>
  <system-out/>
</testsuite> <!-- com.demo.database.AllotPendingCaseDataBase -->
